2025/05/14 19:24:35 - mmengine - INFO - 
------------------------------------------------------------
System environment:
    sys.platform: win32
    Python: 3.9.21 (main, Dec 11 2024, 16:35:24) [MSC v.1929 64 bit (AMD64)]
    CUDA available: True
    MUSA available: False
    numpy_random_seed: 1058824334
    GPU 0: NVIDIA GeForce RTX 3050 Laptop GPU
    CUDA_HOME: None
    MSVC: 用于 x64 的 Microsoft (R) C/C++ 优化编译器 19.35.32215 版
    GCC: n/a
    PyTorch: 1.13.0
    PyTorch compiling details: PyTorch built with:
  - C++ Version: 199711
  - MSVC 192829337
  - Intel(R) Math Kernel Library Version 2020.0.2 Product Build 20200624 for Intel(R) 64 architecture applications
  - Intel(R) MKL-DNN v2.6.0 (Git Hash 52b5f107dd9cf10910aaa19cb47f3abf9b349815)
  - OpenMP 2019
  - LAPACK is enabled (usually provided by MKL)
  - CPU capability usage: AVX2
  - CUDA Runtime 11.7
  - NVCC architecture flags: -gencode;arch=compute_37,code=sm_37;-gencode;arch=compute_50,code=sm_50;-gencode;arch=compute_60,code=sm_60;-gencode;arch=compute_61,code=sm_61;-gencode;arch=compute_70,code=sm_70;-gencode;arch=compute_75,code=sm_75;-gencode;arch=compute_80,code=sm_80;-gencode;arch=compute_86,code=sm_86;-gencode;arch=compute_37,code=compute_37
  - CuDNN 8.5
  - Magma 2.5.4
  - Build settings: BLAS_INFO=mkl, BUILD_TYPE=Release, CUDA_VERSION=11.7, CUDNN_VERSION=8.5.0, CXX_COMPILER=C:/cb/pytorch_1000000000000/work/tmp_bin/sccache-cl.exe, CXX_FLAGS=/DWIN32 /D_WINDOWS /GR /EHsc /w /bigobj -DUSE_PTHREADPOOL -openmp:experimental -IC:/cb/pytorch_1000000000000/work/mkl/include -DNDEBUG -DUSE_KINETO -DLIBKINETO_NOCUPTI -DUSE_FBGEMM -DUSE_XNNPACK -DSYMBOLICATE_MOBILE_DEBUG_HANDLE -DEDGE_PROFILER_USE_KINETO, LAPACK_INFO=mkl, PERF_WITH_AVX=1, PERF_WITH_AVX2=1, PERF_WITH_AVX512=1, TORCH_VERSION=1.13.0, USE_CUDA=ON, USE_CUDNN=ON, USE_EXCEPTION_PTR=1, USE_GFLAGS=OFF, USE_GLOG=OFF, USE_MKL=ON, USE_MKLDNN=ON, USE_MPI=OFF, USE_NCCL=OFF, USE_NNPACK=OFF, USE_OPENMP=ON, USE_ROCM=OFF, 

    TorchVision: 0.14.0
    OpenCV: 4.10.0
    MMEngine: 0.10.7

Runtime environment:
    cudnn_benchmark: False
    mp_cfg: {'mp_start_method': 'fork', 'opencv_num_threads': 0}
    dist_cfg: {'backend': 'nccl'}
    seed: 1058824334
    deterministic: False
    Distributed launcher: none
    Distributed training: False
    GPU number: 1
------------------------------------------------------------

2025/05/14 19:24:35 - mmengine - INFO - Config:
auto_scale_lr = dict(base_batch_size=256)
classes = [
    'daisy',
    'dandelion',
    'rose',
    'sunflower',
    'tulip',
]
data_preprocessor = dict(
    mean=[
        123.675,
        116.28,
        103.53,
    ],
    num_classes=5,
    std=[
        58.395,
        57.12,
        57.375,
    ],
    to_rgb=True)
data_root = 'D:/pytorchlearning/pytorch/classdata/flower/'
dataset_type = 'ImageNet'
default_hooks = dict(
    checkpoint=dict(interval=1, type='CheckpointHook'),
    logger=dict(interval=100, type='LoggerHook'),
    param_scheduler=dict(type='ParamSchedulerHook'),
    sampler_seed=dict(type='DistSamplerSeedHook'),
    timer=dict(type='IterTimerHook'),
    visualization=dict(enable=False, type='VisualizationHook'))
default_scope = 'mmpretrain'
env_cfg = dict(
    cudnn_benchmark=False,
    dist_cfg=dict(backend='nccl'),
    mp_cfg=dict(mp_start_method='fork', opencv_num_threads=0))
launcher = 'none'
load_from = '/pytorchlearning/pytorch/classdata/resnet50_8xb32_in1k_20210831-ea4938fc.pth'
log_level = 'INFO'
model = dict(
    backbone=dict(
        depth=50,
        num_stages=4,
        out_indices=(3, ),
        style='pytorch',
        type='ResNet'),
    head=dict(
        in_channels=2048,
        loss=dict(loss_weight=1.0, type='CrossEntropyLoss'),
        num_classes=5,
        topk=(1, ),
        type='LinearClsHead'),
    neck=dict(type='GlobalAveragePooling'),
    type='ImageClassifier')
optim_wrapper = dict(
    clip_grad=dict(max_norm=1.0),
    optimizer=dict(
        lr=0.01, momentum=0.9, nesterov=True, type='SGD', weight_decay=0.0005))
param_scheduler = dict(
    by_epoch=True, gamma=0.1, milestones=[
        30,
        60,
        90,
    ], type='MultiStepLR')
randomness = dict(deterministic=False, seed=None)
resume = False
test_cfg = dict()
test_dataloader = dict(
    batch_size=32,
    collate_fn=dict(type='default_collate'),
    dataset=dict(
        data_root='data/imagenet',
        pipeline=[
            dict(type='LoadImageFromFile'),
            dict(edge='short', scale=256, type='ResizeEdge'),
            dict(crop_size=224, type='CenterCrop'),
            dict(type='PackInputs'),
        ],
        split='val',
        type='ImageNet'),
    num_workers=5,
    persistent_workers=True,
    pin_memory=True,
    sampler=dict(shuffle=False, type='DefaultSampler'))
test_evaluator = dict(
    topk=(
        1,
        5,
    ), type='Accuracy')
test_pipeline = [
    dict(type='LoadImageFromFile'),
    dict(edge='short', scale=256, type='ResizeEdge'),
    dict(crop_size=224, type='CenterCrop'),
    dict(type='PackInputs'),
]
train_cfg = dict(by_epoch=True, max_epochs=20, val_interval=1)
train_dataloader = dict(
    batch_size=32,
    collate_fn=dict(type='default_collate'),
    dataset=dict(
        ann_file='D:/pytorchlearning/pytorch/classdata/flower//train.txt',
        classes=[
            'daisy',
            'dandelion',
            'rose',
            'sunflower',
            'tulip',
        ],
        data_prefix='D:/pytorchlearning/pytorch/classdata/flower/',
        data_root='data/imagenet',
        pipeline=[
            dict(type='LoadImageFromFile'),
            dict(scale=224, type='RandomResizedCrop'),
            dict(direction='horizontal', prob=0.5, type='RandomFlip'),
            dict(type='PackInputs'),
        ],
        split='train',
        type='ImageNet'),
    num_workers=4,
    persistent_workers=True,
    pin_memory=True,
    sampler=dict(shuffle=True, type='DefaultSampler'))
train_pipeline = [
    dict(type='LoadImageFromFile'),
    dict(scale=224, type='RandomResizedCrop'),
    dict(direction='horizontal', prob=0.5, type='RandomFlip'),
    dict(type='PackInputs'),
]
val_cfg = dict()
val_dataloader = dict(
    batch_size=32,
    collate_fn=dict(type='default_collate'),
    dataset=dict(
        ann_file='D:/pytorchlearning/pytorch/classdata/flower//val.txt',
        classes=[
            'daisy',
            'dandelion',
            'rose',
            'sunflower',
            'tulip',
        ],
        data_prefix='D:/pytorchlearning/pytorch/classdata/flower/',
        data_root='data/imagenet',
        pipeline=[
            dict(type='LoadImageFromFile'),
            dict(edge='short', scale=256, type='ResizeEdge'),
            dict(crop_size=224, type='CenterCrop'),
            dict(type='PackInputs'),
        ],
        split='val',
        type='ImageNet'),
    num_workers=4,
    persistent_workers=True,
    pin_memory=True,
    sampler=dict(shuffle=False, type='DefaultSampler'))
val_evaluator = dict(topk=(1, ), type='Accuracy')
vis_backends = [
    dict(type='LocalVisBackend'),
]
visualizer = dict(
    type='UniversalVisualizer', vis_backends=[
        dict(type='LocalVisBackend'),
    ])
work_dir = '/pytorchlearning/pytorch/classdata/workdir/flower'

2025/05/14 19:24:36 - mmengine - INFO - Distributed training is not used, all SyncBatchNorm (SyncBN) layers in the model will be automatically reverted to BatchNormXd layers if they are used.
2025/05/14 19:24:36 - mmengine - INFO - Hooks will be executed in the following order:
before_run:
(VERY_HIGH   ) RuntimeInfoHook                    
(BELOW_NORMAL) LoggerHook                         
 -------------------- 
before_train:
(VERY_HIGH   ) RuntimeInfoHook                    
(NORMAL      ) IterTimerHook                      
(VERY_LOW    ) CheckpointHook                     
 -------------------- 
before_train_epoch:
(VERY_HIGH   ) RuntimeInfoHook                    
(NORMAL      ) IterTimerHook                      
(NORMAL      ) DistSamplerSeedHook                
 -------------------- 
before_train_iter:
(VERY_HIGH   ) RuntimeInfoHook                    
(NORMAL      ) IterTimerHook                      
 -------------------- 
after_train_iter:
(VERY_HIGH   ) RuntimeInfoHook                    
(NORMAL      ) IterTimerHook                      
(BELOW_NORMAL) LoggerHook                         
(LOW         ) ParamSchedulerHook                 
(VERY_LOW    ) CheckpointHook                     
 -------------------- 
after_train_epoch:
(NORMAL      ) IterTimerHook                      
(LOW         ) ParamSchedulerHook                 
(VERY_LOW    ) CheckpointHook                     
 -------------------- 
before_val:
(VERY_HIGH   ) RuntimeInfoHook                    
 -------------------- 
before_val_epoch:
(NORMAL      ) IterTimerHook                      
 -------------------- 
before_val_iter:
(NORMAL      ) IterTimerHook                      
 -------------------- 
after_val_iter:
(NORMAL      ) IterTimerHook                      
(NORMAL      ) VisualizationHook                  
(BELOW_NORMAL) LoggerHook                         
 -------------------- 
after_val_epoch:
(VERY_HIGH   ) RuntimeInfoHook                    
(NORMAL      ) IterTimerHook                      
(BELOW_NORMAL) LoggerHook                         
(LOW         ) ParamSchedulerHook                 
(VERY_LOW    ) CheckpointHook                     
 -------------------- 
after_val:
(VERY_HIGH   ) RuntimeInfoHook                    
 -------------------- 
after_train:
(VERY_HIGH   ) RuntimeInfoHook                    
(VERY_LOW    ) CheckpointHook                     
 -------------------- 
before_test:
(VERY_HIGH   ) RuntimeInfoHook                    
 -------------------- 
before_test_epoch:
(NORMAL      ) IterTimerHook                      
 -------------------- 
before_test_iter:
(NORMAL      ) IterTimerHook                      
 -------------------- 
after_test_iter:
(NORMAL      ) IterTimerHook                      
(NORMAL      ) VisualizationHook                  
(BELOW_NORMAL) LoggerHook                         
 -------------------- 
after_test_epoch:
(VERY_HIGH   ) RuntimeInfoHook                    
(NORMAL      ) IterTimerHook                      
(BELOW_NORMAL) LoggerHook                         
 -------------------- 
after_test:
(VERY_HIGH   ) RuntimeInfoHook                    
 -------------------- 
after_run:
(BELOW_NORMAL) LoggerHook                         
 -------------------- 
Name of parameter - Initialization information

backbone.conv1.weight - torch.Size([64, 3, 7, 7]): 
KaimingInit: a=0, mode=fan_out, nonlinearity=relu, distribution =normal, bias=0 

backbone.bn1.weight - torch.Size([64]): 
The value is the same before and after calling `init_weights` of ImageClassifier  

backbone.bn1.bias - torch.Size([64]): 
The value is the same before and after calling `init_weights` of ImageClassifier  

backbone.layer1.0.conv1.weight - torch.Size([64, 64, 1, 1]): 
KaimingInit: a=0, mode=fan_out, nonlinearity=relu, distribution =normal, bias=0 

backbone.layer1.0.bn1.weight - torch.Size([64]): 
The value is the same before and after calling `init_weights` of ImageClassifier  

backbone.layer1.0.bn1.bias - torch.Size([64]): 
The value is the same before and after calling `init_weights` of ImageClassifier  

backbone.layer1.0.conv2.weight - torch.Size([64, 64, 3, 3]): 
KaimingInit: a=0, mode=fan_out, nonlinearity=relu, distribution =normal, bias=0 

backbone.layer1.0.bn2.weight - torch.Size([64]): 
The value is the same before and after calling `init_weights` of ImageClassifier  

backbone.layer1.0.bn2.bias - torch.Size([64]): 
The value is the same before and after calling `init_weights` of ImageClassifier  

backbone.layer1.0.conv3.weight - torch.Size([256, 64, 1, 1]): 
KaimingInit: a=0, mode=fan_out, nonlinearity=relu, distribution =normal, bias=0 

backbone.layer1.0.bn3.weight - torch.Size([256]): 
Initialized by user-defined `init_weights` in ResNet  

backbone.layer1.0.bn3.bias - torch.Size([256]): 
The value is the same before and after calling `init_weights` of ImageClassifier  

backbone.layer1.0.downsample.0.weight - torch.Size([256, 64, 1, 1]): 
KaimingInit: a=0, mode=fan_out, nonlinearity=relu, distribution =normal, bias=0 

backbone.layer1.0.downsample.1.weight - torch.Size([256]): 
The value is the same before and after calling `init_weights` of ImageClassifier  

backbone.layer1.0.downsample.1.bias - torch.Size([256]): 
The value is the same before and after calling `init_weights` of ImageClassifier  

backbone.layer1.1.conv1.weight - torch.Size([64, 256, 1, 1]): 
KaimingInit: a=0, mode=fan_out, nonlinearity=relu, distribution =normal, bias=0 

backbone.layer1.1.bn1.weight - torch.Size([64]): 
The value is the same before and after calling `init_weights` of ImageClassifier  

backbone.layer1.1.bn1.bias - torch.Size([64]): 
The value is the same before and after calling `init_weights` of ImageClassifier  

backbone.layer1.1.conv2.weight - torch.Size([64, 64, 3, 3]): 
KaimingInit: a=0, mode=fan_out, nonlinearity=relu, distribution =normal, bias=0 

backbone.layer1.1.bn2.weight - torch.Size([64]): 
The value is the same before and after calling `init_weights` of ImageClassifier  

backbone.layer1.1.bn2.bias - torch.Size([64]): 
The value is the same before and after calling `init_weights` of ImageClassifier  

backbone.layer1.1.conv3.weight - torch.Size([256, 64, 1, 1]): 
KaimingInit: a=0, mode=fan_out, nonlinearity=relu, distribution =normal, bias=0 

backbone.layer1.1.bn3.weight - torch.Size([256]): 
Initialized by user-defined `init_weights` in ResNet  

backbone.layer1.1.bn3.bias - torch.Size([256]): 
The value is the same before and after calling `init_weights` of ImageClassifier  

backbone.layer1.2.conv1.weight - torch.Size([64, 256, 1, 1]): 
KaimingInit: a=0, mode=fan_out, nonlinearity=relu, distribution =normal, bias=0 

backbone.layer1.2.bn1.weight - torch.Size([64]): 
The value is the same before and after calling `init_weights` of ImageClassifier  

backbone.layer1.2.bn1.bias - torch.Size([64]): 
The value is the same before and after calling `init_weights` of ImageClassifier  

backbone.layer1.2.conv2.weight - torch.Size([64, 64, 3, 3]): 
KaimingInit: a=0, mode=fan_out, nonlinearity=relu, distribution =normal, bias=0 

backbone.layer1.2.bn2.weight - torch.Size([64]): 
The value is the same before and after calling `init_weights` of ImageClassifier  

backbone.layer1.2.bn2.bias - torch.Size([64]): 
The value is the same before and after calling `init_weights` of ImageClassifier  

backbone.layer1.2.conv3.weight - torch.Size([256, 64, 1, 1]): 
KaimingInit: a=0, mode=fan_out, nonlinearity=relu, distribution =normal, bias=0 

backbone.layer1.2.bn3.weight - torch.Size([256]): 
Initialized by user-defined `init_weights` in ResNet  

backbone.layer1.2.bn3.bias - torch.Size([256]): 
The value is the same before and after calling `init_weights` of ImageClassifier  

backbone.layer2.0.conv1.weight - torch.Size([128, 256, 1, 1]): 
KaimingInit: a=0, mode=fan_out, nonlinearity=relu, distribution =normal, bias=0 

backbone.layer2.0.bn1.weight - torch.Size([128]): 
The value is the same before and after calling `init_weights` of ImageClassifier  

backbone.layer2.0.bn1.bias - torch.Size([128]): 
The value is the same before and after calling `init_weights` of ImageClassifier  

backbone.layer2.0.conv2.weight - torch.Size([128, 128, 3, 3]): 
KaimingInit: a=0, mode=fan_out, nonlinearity=relu, distribution =normal, bias=0 

backbone.layer2.0.bn2.weight - torch.Size([128]): 
The value is the same before and after calling `init_weights` of ImageClassifier  

backbone.layer2.0.bn2.bias - torch.Size([128]): 
The value is the same before and after calling `init_weights` of ImageClassifier  

backbone.layer2.0.conv3.weight - torch.Size([512, 128, 1, 1]): 
KaimingInit: a=0, mode=fan_out, nonlinearity=relu, distribution =normal, bias=0 

backbone.layer2.0.bn3.weight - torch.Size([512]): 
Initialized by user-defined `init_weights` in ResNet  

backbone.layer2.0.bn3.bias - torch.Size([512]): 
The value is the same before and after calling `init_weights` of ImageClassifier  

backbone.layer2.0.downsample.0.weight - torch.Size([512, 256, 1, 1]): 
KaimingInit: a=0, mode=fan_out, nonlinearity=relu, distribution =normal, bias=0 

backbone.layer2.0.downsample.1.weight - torch.Size([512]): 
The value is the same before and after calling `init_weights` of ImageClassifier  

backbone.layer2.0.downsample.1.bias - torch.Size([512]): 
The value is the same before and after calling `init_weights` of ImageClassifier  

backbone.layer2.1.conv1.weight - torch.Size([128, 512, 1, 1]): 
KaimingInit: a=0, mode=fan_out, nonlinearity=relu, distribution =normal, bias=0 

backbone.layer2.1.bn1.weight - torch.Size([128]): 
The value is the same before and after calling `init_weights` of ImageClassifier  

backbone.layer2.1.bn1.bias - torch.Size([128]): 
The value is the same before and after calling `init_weights` of ImageClassifier  

backbone.layer2.1.conv2.weight - torch.Size([128, 128, 3, 3]): 
KaimingInit: a=0, mode=fan_out, nonlinearity=relu, distribution =normal, bias=0 

backbone.layer2.1.bn2.weight - torch.Size([128]): 
The value is the same before and after calling `init_weights` of ImageClassifier  

backbone.layer2.1.bn2.bias - torch.Size([128]): 
The value is the same before and after calling `init_weights` of ImageClassifier  

backbone.layer2.1.conv3.weight - torch.Size([512, 128, 1, 1]): 
KaimingInit: a=0, mode=fan_out, nonlinearity=relu, distribution =normal, bias=0 

backbone.layer2.1.bn3.weight - torch.Size([512]): 
Initialized by user-defined `init_weights` in ResNet  

backbone.layer2.1.bn3.bias - torch.Size([512]): 
The value is the same before and after calling `init_weights` of ImageClassifier  

backbone.layer2.2.conv1.weight - torch.Size([128, 512, 1, 1]): 
KaimingInit: a=0, mode=fan_out, nonlinearity=relu, distribution =normal, bias=0 

backbone.layer2.2.bn1.weight - torch.Size([128]): 
The value is the same before and after calling `init_weights` of ImageClassifier  

backbone.layer2.2.bn1.bias - torch.Size([128]): 
The value is the same before and after calling `init_weights` of ImageClassifier  

backbone.layer2.2.conv2.weight - torch.Size([128, 128, 3, 3]): 
KaimingInit: a=0, mode=fan_out, nonlinearity=relu, distribution =normal, bias=0 

backbone.layer2.2.bn2.weight - torch.Size([128]): 
The value is the same before and after calling `init_weights` of ImageClassifier  

backbone.layer2.2.bn2.bias - torch.Size([128]): 
The value is the same before and after calling `init_weights` of ImageClassifier  

backbone.layer2.2.conv3.weight - torch.Size([512, 128, 1, 1]): 
KaimingInit: a=0, mode=fan_out, nonlinearity=relu, distribution =normal, bias=0 

backbone.layer2.2.bn3.weight - torch.Size([512]): 
Initialized by user-defined `init_weights` in ResNet  

backbone.layer2.2.bn3.bias - torch.Size([512]): 
The value is the same before and after calling `init_weights` of ImageClassifier  

backbone.layer2.3.conv1.weight - torch.Size([128, 512, 1, 1]): 
KaimingInit: a=0, mode=fan_out, nonlinearity=relu, distribution =normal, bias=0 

backbone.layer2.3.bn1.weight - torch.Size([128]): 
The value is the same before and after calling `init_weights` of ImageClassifier  

backbone.layer2.3.bn1.bias - torch.Size([128]): 
The value is the same before and after calling `init_weights` of ImageClassifier  

backbone.layer2.3.conv2.weight - torch.Size([128, 128, 3, 3]): 
KaimingInit: a=0, mode=fan_out, nonlinearity=relu, distribution =normal, bias=0 

backbone.layer2.3.bn2.weight - torch.Size([128]): 
The value is the same before and after calling `init_weights` of ImageClassifier  

backbone.layer2.3.bn2.bias - torch.Size([128]): 
The value is the same before and after calling `init_weights` of ImageClassifier  

backbone.layer2.3.conv3.weight - torch.Size([512, 128, 1, 1]): 
KaimingInit: a=0, mode=fan_out, nonlinearity=relu, distribution =normal, bias=0 

backbone.layer2.3.bn3.weight - torch.Size([512]): 
Initialized by user-defined `init_weights` in ResNet  

backbone.layer2.3.bn3.bias - torch.Size([512]): 
The value is the same before and after calling `init_weights` of ImageClassifier  

backbone.layer3.0.conv1.weight - torch.Size([256, 512, 1, 1]): 
KaimingInit: a=0, mode=fan_out, nonlinearity=relu, distribution =normal, bias=0 

backbone.layer3.0.bn1.weight - torch.Size([256]): 
The value is the same before and after calling `init_weights` of ImageClassifier  

backbone.layer3.0.bn1.bias - torch.Size([256]): 
The value is the same before and after calling `init_weights` of ImageClassifier  

backbone.layer3.0.conv2.weight - torch.Size([256, 256, 3, 3]): 
KaimingInit: a=0, mode=fan_out, nonlinearity=relu, distribution =normal, bias=0 

backbone.layer3.0.bn2.weight - torch.Size([256]): 
The value is the same before and after calling `init_weights` of ImageClassifier  

backbone.layer3.0.bn2.bias - torch.Size([256]): 
The value is the same before and after calling `init_weights` of ImageClassifier  

backbone.layer3.0.conv3.weight - torch.Size([1024, 256, 1, 1]): 
KaimingInit: a=0, mode=fan_out, nonlinearity=relu, distribution =normal, bias=0 

backbone.layer3.0.bn3.weight - torch.Size([1024]): 
Initialized by user-defined `init_weights` in ResNet  

backbone.layer3.0.bn3.bias - torch.Size([1024]): 
The value is the same before and after calling `init_weights` of ImageClassifier  

backbone.layer3.0.downsample.0.weight - torch.Size([1024, 512, 1, 1]): 
KaimingInit: a=0, mode=fan_out, nonlinearity=relu, distribution =normal, bias=0 

backbone.layer3.0.downsample.1.weight - torch.Size([1024]): 
The value is the same before and after calling `init_weights` of ImageClassifier  

backbone.layer3.0.downsample.1.bias - torch.Size([1024]): 
The value is the same before and after calling `init_weights` of ImageClassifier  

backbone.layer3.1.conv1.weight - torch.Size([256, 1024, 1, 1]): 
KaimingInit: a=0, mode=fan_out, nonlinearity=relu, distribution =normal, bias=0 

backbone.layer3.1.bn1.weight - torch.Size([256]): 
The value is the same before and after calling `init_weights` of ImageClassifier  

backbone.layer3.1.bn1.bias - torch.Size([256]): 
The value is the same before and after calling `init_weights` of ImageClassifier  

backbone.layer3.1.conv2.weight - torch.Size([256, 256, 3, 3]): 
KaimingInit: a=0, mode=fan_out, nonlinearity=relu, distribution =normal, bias=0 

backbone.layer3.1.bn2.weight - torch.Size([256]): 
The value is the same before and after calling `init_weights` of ImageClassifier  

backbone.layer3.1.bn2.bias - torch.Size([256]): 
The value is the same before and after calling `init_weights` of ImageClassifier  

backbone.layer3.1.conv3.weight - torch.Size([1024, 256, 1, 1]): 
KaimingInit: a=0, mode=fan_out, nonlinearity=relu, distribution =normal, bias=0 

backbone.layer3.1.bn3.weight - torch.Size([1024]): 
Initialized by user-defined `init_weights` in ResNet  

backbone.layer3.1.bn3.bias - torch.Size([1024]): 
The value is the same before and after calling `init_weights` of ImageClassifier  

backbone.layer3.2.conv1.weight - torch.Size([256, 1024, 1, 1]): 
KaimingInit: a=0, mode=fan_out, nonlinearity=relu, distribution =normal, bias=0 

backbone.layer3.2.bn1.weight - torch.Size([256]): 
The value is the same before and after calling `init_weights` of ImageClassifier  

backbone.layer3.2.bn1.bias - torch.Size([256]): 
The value is the same before and after calling `init_weights` of ImageClassifier  

backbone.layer3.2.conv2.weight - torch.Size([256, 256, 3, 3]): 
KaimingInit: a=0, mode=fan_out, nonlinearity=relu, distribution =normal, bias=0 

backbone.layer3.2.bn2.weight - torch.Size([256]): 
The value is the same before and after calling `init_weights` of ImageClassifier  

backbone.layer3.2.bn2.bias - torch.Size([256]): 
The value is the same before and after calling `init_weights` of ImageClassifier  

backbone.layer3.2.conv3.weight - torch.Size([1024, 256, 1, 1]): 
KaimingInit: a=0, mode=fan_out, nonlinearity=relu, distribution =normal, bias=0 

backbone.layer3.2.bn3.weight - torch.Size([1024]): 
Initialized by user-defined `init_weights` in ResNet  

backbone.layer3.2.bn3.bias - torch.Size([1024]): 
The value is the same before and after calling `init_weights` of ImageClassifier  

backbone.layer3.3.conv1.weight - torch.Size([256, 1024, 1, 1]): 
KaimingInit: a=0, mode=fan_out, nonlinearity=relu, distribution =normal, bias=0 

backbone.layer3.3.bn1.weight - torch.Size([256]): 
The value is the same before and after calling `init_weights` of ImageClassifier  

backbone.layer3.3.bn1.bias - torch.Size([256]): 
The value is the same before and after calling `init_weights` of ImageClassifier  

backbone.layer3.3.conv2.weight - torch.Size([256, 256, 3, 3]): 
KaimingInit: a=0, mode=fan_out, nonlinearity=relu, distribution =normal, bias=0 

backbone.layer3.3.bn2.weight - torch.Size([256]): 
The value is the same before and after calling `init_weights` of ImageClassifier  

backbone.layer3.3.bn2.bias - torch.Size([256]): 
The value is the same before and after calling `init_weights` of ImageClassifier  

backbone.layer3.3.conv3.weight - torch.Size([1024, 256, 1, 1]): 
KaimingInit: a=0, mode=fan_out, nonlinearity=relu, distribution =normal, bias=0 

backbone.layer3.3.bn3.weight - torch.Size([1024]): 
Initialized by user-defined `init_weights` in ResNet  

backbone.layer3.3.bn3.bias - torch.Size([1024]): 
The value is the same before and after calling `init_weights` of ImageClassifier  

backbone.layer3.4.conv1.weight - torch.Size([256, 1024, 1, 1]): 
KaimingInit: a=0, mode=fan_out, nonlinearity=relu, distribution =normal, bias=0 

backbone.layer3.4.bn1.weight - torch.Size([256]): 
The value is the same before and after calling `init_weights` of ImageClassifier  

backbone.layer3.4.bn1.bias - torch.Size([256]): 
The value is the same before and after calling `init_weights` of ImageClassifier  

backbone.layer3.4.conv2.weight - torch.Size([256, 256, 3, 3]): 
KaimingInit: a=0, mode=fan_out, nonlinearity=relu, distribution =normal, bias=0 

backbone.layer3.4.bn2.weight - torch.Size([256]): 
The value is the same before and after calling `init_weights` of ImageClassifier  

backbone.layer3.4.bn2.bias - torch.Size([256]): 
The value is the same before and after calling `init_weights` of ImageClassifier  

backbone.layer3.4.conv3.weight - torch.Size([1024, 256, 1, 1]): 
KaimingInit: a=0, mode=fan_out, nonlinearity=relu, distribution =normal, bias=0 

backbone.layer3.4.bn3.weight - torch.Size([1024]): 
Initialized by user-defined `init_weights` in ResNet  

backbone.layer3.4.bn3.bias - torch.Size([1024]): 
The value is the same before and after calling `init_weights` of ImageClassifier  

backbone.layer3.5.conv1.weight - torch.Size([256, 1024, 1, 1]): 
KaimingInit: a=0, mode=fan_out, nonlinearity=relu, distribution =normal, bias=0 

backbone.layer3.5.bn1.weight - torch.Size([256]): 
The value is the same before and after calling `init_weights` of ImageClassifier  

backbone.layer3.5.bn1.bias - torch.Size([256]): 
The value is the same before and after calling `init_weights` of ImageClassifier  

backbone.layer3.5.conv2.weight - torch.Size([256, 256, 3, 3]): 
KaimingInit: a=0, mode=fan_out, nonlinearity=relu, distribution =normal, bias=0 

backbone.layer3.5.bn2.weight - torch.Size([256]): 
The value is the same before and after calling `init_weights` of ImageClassifier  

backbone.layer3.5.bn2.bias - torch.Size([256]): 
The value is the same before and after calling `init_weights` of ImageClassifier  

backbone.layer3.5.conv3.weight - torch.Size([1024, 256, 1, 1]): 
KaimingInit: a=0, mode=fan_out, nonlinearity=relu, distribution =normal, bias=0 

backbone.layer3.5.bn3.weight - torch.Size([1024]): 
Initialized by user-defined `init_weights` in ResNet  

backbone.layer3.5.bn3.bias - torch.Size([1024]): 
The value is the same before and after calling `init_weights` of ImageClassifier  

backbone.layer4.0.conv1.weight - torch.Size([512, 1024, 1, 1]): 
KaimingInit: a=0, mode=fan_out, nonlinearity=relu, distribution =normal, bias=0 

backbone.layer4.0.bn1.weight - torch.Size([512]): 
The value is the same before and after calling `init_weights` of ImageClassifier  

backbone.layer4.0.bn1.bias - torch.Size([512]): 
The value is the same before and after calling `init_weights` of ImageClassifier  

backbone.layer4.0.conv2.weight - torch.Size([512, 512, 3, 3]): 
KaimingInit: a=0, mode=fan_out, nonlinearity=relu, distribution =normal, bias=0 

backbone.layer4.0.bn2.weight - torch.Size([512]): 
The value is the same before and after calling `init_weights` of ImageClassifier  

backbone.layer4.0.bn2.bias - torch.Size([512]): 
The value is the same before and after calling `init_weights` of ImageClassifier  

backbone.layer4.0.conv3.weight - torch.Size([2048, 512, 1, 1]): 
KaimingInit: a=0, mode=fan_out, nonlinearity=relu, distribution =normal, bias=0 

backbone.layer4.0.bn3.weight - torch.Size([2048]): 
Initialized by user-defined `init_weights` in ResNet  

backbone.layer4.0.bn3.bias - torch.Size([2048]): 
The value is the same before and after calling `init_weights` of ImageClassifier  

backbone.layer4.0.downsample.0.weight - torch.Size([2048, 1024, 1, 1]): 
KaimingInit: a=0, mode=fan_out, nonlinearity=relu, distribution =normal, bias=0 

backbone.layer4.0.downsample.1.weight - torch.Size([2048]): 
The value is the same before and after calling `init_weights` of ImageClassifier  

backbone.layer4.0.downsample.1.bias - torch.Size([2048]): 
The value is the same before and after calling `init_weights` of ImageClassifier  

backbone.layer4.1.conv1.weight - torch.Size([512, 2048, 1, 1]): 
KaimingInit: a=0, mode=fan_out, nonlinearity=relu, distribution =normal, bias=0 

backbone.layer4.1.bn1.weight - torch.Size([512]): 
The value is the same before and after calling `init_weights` of ImageClassifier  

backbone.layer4.1.bn1.bias - torch.Size([512]): 
The value is the same before and after calling `init_weights` of ImageClassifier  

backbone.layer4.1.conv2.weight - torch.Size([512, 512, 3, 3]): 
KaimingInit: a=0, mode=fan_out, nonlinearity=relu, distribution =normal, bias=0 

backbone.layer4.1.bn2.weight - torch.Size([512]): 
The value is the same before and after calling `init_weights` of ImageClassifier  

backbone.layer4.1.bn2.bias - torch.Size([512]): 
The value is the same before and after calling `init_weights` of ImageClassifier  

backbone.layer4.1.conv3.weight - torch.Size([2048, 512, 1, 1]): 
KaimingInit: a=0, mode=fan_out, nonlinearity=relu, distribution =normal, bias=0 

backbone.layer4.1.bn3.weight - torch.Size([2048]): 
Initialized by user-defined `init_weights` in ResNet  

backbone.layer4.1.bn3.bias - torch.Size([2048]): 
The value is the same before and after calling `init_weights` of ImageClassifier  

backbone.layer4.2.conv1.weight - torch.Size([512, 2048, 1, 1]): 
KaimingInit: a=0, mode=fan_out, nonlinearity=relu, distribution =normal, bias=0 

backbone.layer4.2.bn1.weight - torch.Size([512]): 
The value is the same before and after calling `init_weights` of ImageClassifier  

backbone.layer4.2.bn1.bias - torch.Size([512]): 
The value is the same before and after calling `init_weights` of ImageClassifier  

backbone.layer4.2.conv2.weight - torch.Size([512, 512, 3, 3]): 
KaimingInit: a=0, mode=fan_out, nonlinearity=relu, distribution =normal, bias=0 

backbone.layer4.2.bn2.weight - torch.Size([512]): 
The value is the same before and after calling `init_weights` of ImageClassifier  

backbone.layer4.2.bn2.bias - torch.Size([512]): 
The value is the same before and after calling `init_weights` of ImageClassifier  

backbone.layer4.2.conv3.weight - torch.Size([2048, 512, 1, 1]): 
KaimingInit: a=0, mode=fan_out, nonlinearity=relu, distribution =normal, bias=0 

backbone.layer4.2.bn3.weight - torch.Size([2048]): 
Initialized by user-defined `init_weights` in ResNet  

backbone.layer4.2.bn3.bias - torch.Size([2048]): 
The value is the same before and after calling `init_weights` of ImageClassifier  

head.fc.weight - torch.Size([5, 2048]): 
NormalInit: mean=0, std=0.01, bias=0 

head.fc.bias - torch.Size([5]): 
NormalInit: mean=0, std=0.01, bias=0 
2025/05/14 19:24:37 - mmengine - INFO - Load checkpoint from /pytorchlearning/pytorch/classdata/resnet50_8xb32_in1k_20210831-ea4938fc.pth
2025/05/14 19:24:37 - mmengine - WARNING - "FileClient" will be deprecated in future. Please use io functions in https://mmengine.readthedocs.io/en/latest/api/fileio.html#file-io
2025/05/14 19:24:37 - mmengine - WARNING - "HardDiskBackend" is the alias of "LocalBackend" and the former will be deprecated in future.
2025/05/14 19:24:37 - mmengine - INFO - Checkpoints will be saved to D:\pytorchlearning\pytorch\classdata\workdir\flower.
2025/05/14 19:25:13 - mmengine - INFO - Exp name: assignment_20250514_192431
2025/05/14 19:25:13 - mmengine - INFO - Epoch(train)  [1][72/72]  lr: 1.0000e-02  eta: 0:11:24  time: 0.3015  data_time: 0.0003  memory: 2927  grad_norm: 7.0030  loss: 0.3230
2025/05/14 19:25:13 - mmengine - INFO - Saving checkpoint at 1 epochs
2025/05/14 19:25:27 - mmengine - INFO - Epoch(val) [1][18/18]    accuracy/top1: 92.6573  data_time: 0.6245  time: 0.7363
2025/05/14 19:25:51 - mmengine - INFO - Exp name: assignment_20250514_192431
2025/05/14 19:25:51 - mmengine - INFO - Epoch(train)  [2][72/72]  lr: 1.0000e-02  eta: 0:08:54  time: 0.3023  data_time: 0.0003  memory: 2927  grad_norm: 7.7013  loss: 0.2721
2025/05/14 19:25:51 - mmengine - INFO - Saving checkpoint at 2 epochs
2025/05/14 19:25:53 - mmengine - INFO - Epoch(val) [2][18/18]    accuracy/top1: 94.2308  data_time: 0.0035  time: 0.1051
2025/05/14 19:26:17 - mmengine - INFO - Exp name: assignment_20250514_192431
2025/05/14 19:26:17 - mmengine - INFO - Epoch(train)  [3][72/72]  lr: 1.0000e-02  eta: 0:07:49  time: 0.3033  data_time: 0.0001  memory: 2927  grad_norm: 5.2280  loss: 0.1570
2025/05/14 19:26:17 - mmengine - INFO - Saving checkpoint at 3 epochs
2025/05/14 19:26:20 - mmengine - INFO - Epoch(val) [3][18/18]    accuracy/top1: 93.7063  data_time: 0.0033  time: 0.1046
2025/05/14 19:26:43 - mmengine - INFO - Exp name: assignment_20250514_192431
2025/05/14 19:26:43 - mmengine - INFO - Epoch(train)  [4][72/72]  lr: 1.0000e-02  eta: 0:07:06  time: 0.3260  data_time: 0.0009  memory: 2927  grad_norm: 5.3039  loss: 0.1520
2025/05/14 19:26:43 - mmengine - INFO - Saving checkpoint at 4 epochs
2025/05/14 19:26:47 - mmengine - INFO - Epoch(val) [4][18/18]    accuracy/top1: 94.4056  data_time: 0.0059  time: 0.1157
2025/05/14 19:27:11 - mmengine - INFO - Exp name: assignment_20250514_192431
2025/05/14 19:27:11 - mmengine - INFO - Epoch(train)  [5][72/72]  lr: 1.0000e-02  eta: 0:06:32  time: 0.3046  data_time: 0.0002  memory: 2927  grad_norm: 4.5195  loss: 0.1073
2025/05/14 19:27:11 - mmengine - INFO - Saving checkpoint at 5 epochs
2025/05/14 19:27:14 - mmengine - INFO - Epoch(val) [5][18/18]    accuracy/top1: 94.9301  data_time: 0.0033  time: 0.1052
2025/05/14 19:27:38 - mmengine - INFO - Exp name: assignment_20250514_192431
2025/05/14 19:27:38 - mmengine - INFO - Epoch(train)  [6][72/72]  lr: 1.0000e-02  eta: 0:06:00  time: 0.3049  data_time: 0.0004  memory: 2927  grad_norm: 5.8160  loss: 0.0983
2025/05/14 19:27:38 - mmengine - INFO - Saving checkpoint at 6 epochs
2025/05/14 19:27:40 - mmengine - INFO - Epoch(val) [6][18/18]    accuracy/top1: 95.6294  data_time: 0.0036  time: 0.1053
2025/05/14 19:28:04 - mmengine - INFO - Exp name: assignment_20250514_192431
2025/05/14 19:28:04 - mmengine - INFO - Epoch(train)  [7][72/72]  lr: 1.0000e-02  eta: 0:05:30  time: 0.3054  data_time: 0.0004  memory: 2927  grad_norm: 6.1890  loss: 0.1481
2025/05/14 19:28:04 - mmengine - INFO - Saving checkpoint at 7 epochs
2025/05/14 19:28:07 - mmengine - INFO - Epoch(val) [7][18/18]    accuracy/top1: 95.4545  data_time: 0.0033  time: 0.1056
2025/05/14 19:28:30 - mmengine - INFO - Exp name: assignment_20250514_192431
2025/05/14 19:28:30 - mmengine - INFO - Epoch(train)  [8][72/72]  lr: 1.0000e-02  eta: 0:05:02  time: 0.3050  data_time: 0.0003  memory: 2927  grad_norm: 8.8693  loss: 0.1655
2025/05/14 19:28:30 - mmengine - INFO - Saving checkpoint at 8 epochs
2025/05/14 19:28:33 - mmengine - INFO - Epoch(val) [8][18/18]    accuracy/top1: 95.4545  data_time: 0.0033  time: 0.1053
2025/05/14 19:28:57 - mmengine - INFO - Exp name: assignment_20250514_192431
2025/05/14 19:28:57 - mmengine - INFO - Epoch(train)  [9][72/72]  lr: 1.0000e-02  eta: 0:04:35  time: 0.3051  data_time: 0.0004  memory: 2927  grad_norm: 7.3152  loss: 0.1113
2025/05/14 19:28:57 - mmengine - INFO - Saving checkpoint at 9 epochs
2025/05/14 19:28:59 - mmengine - INFO - Epoch(val) [9][18/18]    accuracy/top1: 94.4056  data_time: 0.0037  time: 0.1060
2025/05/14 19:29:23 - mmengine - INFO - Exp name: assignment_20250514_192431
2025/05/14 19:29:23 - mmengine - INFO - Epoch(train) [10][72/72]  lr: 1.0000e-02  eta: 0:04:09  time: 0.3059  data_time: 0.0001  memory: 2927  grad_norm: 8.3003  loss: 0.1467
2025/05/14 19:29:23 - mmengine - INFO - Saving checkpoint at 10 epochs
2025/05/14 19:29:26 - mmengine - INFO - Epoch(val) [10][18/18]    accuracy/top1: 94.7552  data_time: 0.0036  time: 0.1058
2025/05/14 19:29:50 - mmengine - INFO - Exp name: assignment_20250514_192431
2025/05/14 19:29:50 - mmengine - INFO - Epoch(train) [11][72/72]  lr: 1.0000e-02  eta: 0:03:43  time: 0.3059  data_time: 0.0001  memory: 2927  grad_norm: 11.6889  loss: 0.2336
2025/05/14 19:29:50 - mmengine - INFO - Saving checkpoint at 11 epochs
2025/05/14 19:29:52 - mmengine - INFO - Epoch(val) [11][18/18]    accuracy/top1: 94.9301  data_time: 0.0040  time: 0.1064
2025/05/14 19:30:17 - mmengine - INFO - Exp name: assignment_20250514_192431
2025/05/14 19:30:17 - mmengine - INFO - Epoch(train) [12][72/72]  lr: 1.0000e-02  eta: 0:03:18  time: 0.3258  data_time: 0.0003  memory: 2927  grad_norm: 9.3779  loss: 0.1831
2025/05/14 19:30:17 - mmengine - INFO - Saving checkpoint at 12 epochs
2025/05/14 19:30:20 - mmengine - INFO - Epoch(val) [12][18/18]    accuracy/top1: 95.1049  data_time: 0.0056  time: 0.1108
2025/05/14 19:30:46 - mmengine - INFO - Exp name: assignment_20250514_192431
2025/05/14 19:30:46 - mmengine - INFO - Epoch(train) [13][72/72]  lr: 1.0000e-02  eta: 0:02:53  time: 0.3286  data_time: 0.0007  memory: 2927  grad_norm: 7.7212  loss: 0.1150
2025/05/14 19:30:46 - mmengine - INFO - Saving checkpoint at 13 epochs
2025/05/14 19:30:49 - mmengine - INFO - Epoch(val) [13][18/18]    accuracy/top1: 95.8042  data_time: 0.0053  time: 0.1103
2025/05/14 19:31:11 - mmengine - INFO - Exp name: assignment_20250514_192431
2025/05/14 19:31:14 - mmengine - INFO - Exp name: assignment_20250514_192431
2025/05/14 19:31:14 - mmengine - INFO - Epoch(train) [14][72/72]  lr: 1.0000e-02  eta: 0:02:29  time: 0.3287  data_time: 0.0007  memory: 2927  grad_norm: 2.5958  loss: 0.0599
2025/05/14 19:31:14 - mmengine - INFO - Saving checkpoint at 14 epochs
2025/05/14 19:31:18 - mmengine - INFO - Epoch(val) [14][18/18]    accuracy/top1: 95.6294  data_time: 0.0058  time: 0.1114
2025/05/14 19:31:43 - mmengine - INFO - Exp name: assignment_20250514_192431
2025/05/14 19:31:43 - mmengine - INFO - Epoch(train) [15][72/72]  lr: 1.0000e-02  eta: 0:02:04  time: 0.3281  data_time: 0.0004  memory: 2927  grad_norm: 8.0428  loss: 0.1268
2025/05/14 19:31:43 - mmengine - INFO - Saving checkpoint at 15 epochs
2025/05/14 19:31:46 - mmengine - INFO - Epoch(val) [15][18/18]    accuracy/top1: 95.1049  data_time: 0.0061  time: 0.1109
2025/05/14 19:32:10 - mmengine - INFO - Exp name: assignment_20250514_192431
2025/05/14 19:32:10 - mmengine - INFO - Epoch(train) [16][72/72]  lr: 1.0000e-02  eta: 0:01:39  time: 0.3106  data_time: 0.0003  memory: 2927  grad_norm: 8.4737  loss: 0.1930
2025/05/14 19:32:10 - mmengine - INFO - Saving checkpoint at 16 epochs
2025/05/14 19:32:13 - mmengine - INFO - Epoch(val) [16][18/18]    accuracy/top1: 95.2797  data_time: 0.0040  time: 0.1079
2025/05/14 19:32:37 - mmengine - INFO - Exp name: assignment_20250514_192431
2025/05/14 19:32:37 - mmengine - INFO - Epoch(train) [17][72/72]  lr: 1.0000e-02  eta: 0:01:14  time: 0.3104  data_time: 0.0003  memory: 2927  grad_norm: 8.1824  loss: 0.1926
2025/05/14 19:32:37 - mmengine - INFO - Saving checkpoint at 17 epochs
2025/05/14 19:32:40 - mmengine - INFO - Epoch(val) [17][18/18]    accuracy/top1: 95.8042  data_time: 0.0040  time: 0.1076
2025/05/14 19:33:04 - mmengine - INFO - Exp name: assignment_20250514_192431
2025/05/14 19:33:04 - mmengine - INFO - Epoch(train) [18][72/72]  lr: 1.0000e-02  eta: 0:00:49  time: 0.3136  data_time: 0.0003  memory: 2927  grad_norm: 10.0247  loss: 0.2579
2025/05/14 19:33:04 - mmengine - INFO - Saving checkpoint at 18 epochs
2025/05/14 19:33:07 - mmengine - INFO - Epoch(val) [18][18/18]    accuracy/top1: 95.4545  data_time: 0.0043  time: 0.1086
2025/05/14 19:33:31 - mmengine - INFO - Exp name: assignment_20250514_192431
2025/05/14 19:33:31 - mmengine - INFO - Epoch(train) [19][72/72]  lr: 1.0000e-02  eta: 0:00:24  time: 0.3135  data_time: 0.0003  memory: 2927  grad_norm: 9.7558  loss: 0.0839
2025/05/14 19:33:31 - mmengine - INFO - Saving checkpoint at 19 epochs
2025/05/14 19:33:34 - mmengine - INFO - Epoch(val) [19][18/18]    accuracy/top1: 96.1538  data_time: 0.0048  time: 0.1084
2025/05/14 19:33:58 - mmengine - INFO - Exp name: assignment_20250514_192431
2025/05/14 19:33:58 - mmengine - INFO - Epoch(train) [20][72/72]  lr: 1.0000e-02  eta: 0:00:00  time: 0.3136  data_time: 0.0001  memory: 2927  grad_norm: 5.8746  loss: 0.0731
2025/05/14 19:33:58 - mmengine - INFO - Saving checkpoint at 20 epochs
2025/05/14 19:34:01 - mmengine - INFO - Epoch(val) [20][18/18]    accuracy/top1: 96.5035  data_time: 0.0038  time: 0.1086
